[0.008s] Invoking command in '/home/khtswm/dev_ws/src/my_package/build/my_package': CMAKE_PREFIX_PATH=${CMAKE_PREFIX_PATH}:/opt/ros/jazzy DEBUGINFOD_URLS=https://debuginfod.ubuntu.com /usr/bin/cmake --build /home/khtswm/dev_ws/src/my_package/build/my_package -- -j8 -l8
[0.024s] -- Found ament_cmake: 2.5.4 (/opt/ros/jazzy/share/ament_cmake/cmake)
[0.176s] -- Found rclpy: 7.1.4 (/opt/ros/jazzy/share/rclpy/cmake)
[0.176s] -- Found geometry_msgs: 5.3.6 (/opt/ros/jazzy/share/geometry_msgs/cmake)
[0.194s] -- Found rosidl_generator_c: 4.6.5 (/opt/ros/jazzy/share/rosidl_generator_c/cmake)
[0.200s] -- Found rosidl_generator_cpp: 4.6.5 (/opt/ros/jazzy/share/rosidl_generator_cpp/cmake)
[0.209s] -- Using all available rosidl_typesupport_c: rosidl_typesupport_fastrtps_c;rosidl_typesupport_introspection_c
[0.219s] -- Using all available rosidl_typesupport_cpp: rosidl_typesupport_fastrtps_cpp;rosidl_typesupport_introspection_cpp
[0.247s] -- Found sensor_msgs: 5.3.6 (/opt/ros/jazzy/share/sensor_msgs/cmake)
[0.269s] -- Found ament_lint_auto: 0.17.2 (/opt/ros/jazzy/share/ament_lint_auto/cmake)
[0.342s] -- Added test 'cppcheck' to perform static code analysis on C / C++ code
[0.342s] -- Configured cppcheck include dirs: 
[0.342s] -- Configured cppcheck exclude dirs and/or files: 
[0.343s] -- Added test 'flake8' to check Python code syntax and style conventions
[0.343s] -- Configured 'flake8' exclude dirs and/or files: 
[0.344s] -- Added test 'lint_cmake' to check CMake code style
[0.345s] -- Added test 'pep257' to check Python code against some of the docstring style conventions in PEP 257
[0.349s] -- Added test 'uncrustify' to check C / C++ code style
[0.349s] -- Configured uncrustify additional arguments: 
[0.350s] -- Added test 'xmllint' to check XML markup files
[0.351s] -- Configuring done (0.3s)
[0.353s] -- Generating done (0.0s)
[0.354s] -- Build files have been written to: /home/khtswm/dev_ws/src/my_package/build/my_package
[0.371s] Invoked command in '/home/khtswm/dev_ws/src/my_package/build/my_package' returned '0': CMAKE_PREFIX_PATH=${CMAKE_PREFIX_PATH}:/opt/ros/jazzy DEBUGINFOD_URLS=https://debuginfod.ubuntu.com /usr/bin/cmake --build /home/khtswm/dev_ws/src/my_package/build/my_package -- -j8 -l8
[0.378s] Invoking command in '/home/khtswm/dev_ws/src/my_package/build/my_package': CMAKE_PREFIX_PATH=${CMAKE_PREFIX_PATH}:/opt/ros/jazzy DEBUGINFOD_URLS=https://debuginfod.ubuntu.com /usr/bin/cmake --install /home/khtswm/dev_ws/src/my_package/build/my_package
[0.382s] -- Install configuration: ""
[0.383s] -- Up-to-date: /home/khtswm/dev_ws/src/my_package/install/my_package/lib/my_package/turtle_joystick.py
[0.383s] -- Installing: /home/khtswm/dev_ws/src/my_package/install/my_package/lib/my_package/dpad.py
[0.383s] [31mCMake Error at cmake_install.cmake:46 (file):
[0.383s]   file INSTALL cannot find
[0.383s]   "/home/khtswm/dev_ws/src/my_package/src/analog_stick.py": No such file or
[0.383s]   directory.
[0.383s] 
[0.383s] [0m
[0.383s] Invoked command in '/home/khtswm/dev_ws/src/my_package/build/my_package' returned '1': CMAKE_PREFIX_PATH=${CMAKE_PREFIX_PATH}:/opt/ros/jazzy DEBUGINFOD_URLS=https://debuginfod.ubuntu.com /usr/bin/cmake --install /home/khtswm/dev_ws/src/my_package/build/my_package
